Arguments: 
  C:\Program Files\nodejs\node.exe C:\Users\florent\AppData\Roaming\npm\node_modules\yarn\bin\yarn.js publish

PATH: 
  C:\Users\florent\bin;C:\Program Files\Git\mingw64\bin;C:\Program Files\Git\usr\local\bin;C:\Program Files\Git\usr\bin;C:\Program Files\Git\usr\bin;C:\Program Files\Git\mingw64\bin;C:\Program Files\Git\usr\bin;C:\Users\florent\bin;C:\ProgramData\Oracle\Java\javapath;C:\Windows\system32;C:\Windows;C:\Windows\System32\Wbem;C:\Windows\System32\WindowsPowerShell\v1.0;C:\Program Files (x86)\NVIDIA Corporation\PhysX\Common;C:\Program Files\Git\cmd;C:\Program Files\nodejs;C:\Program Files (x86)\Skype\Phone;C:\RailsInstaller\Git\cmd;C:\RailsInstaller\Ruby2.3.0\bin;C:\Ruby23-x64\bin;C:\Users\florent\AppData\Local\Microsoft\WindowsApps;C:\Users\florent\AppData\Local\atom\bin;C:\Users\florent\AppData\Roaming\npm;C:\Program Files (x86)\Microsoft VS Code\bin;C:\Program Files\Git\usr\bin\vendor_perl;C:\Program Files\Git\usr\bin\core_perl

Yarn version: 
  0.24.4

Node version: 
  6.10.2

Platform: 
  win32 x64

npm manifest: 
  {
    "name": "ng-smartlook",
    "version": "1.0.1",
    "description": "AngularJS integration for smartlook",
    "keywords": [
      "angular",
      "angularjs",
      "smartlook"
    ],
    "homepage": "https://github.com/f3ltron/ng-smartlook",
    "bugs": "https://github.com/f3ltron/ng-smartlook/issues",
    "main": "ng-smartlook.js",
    "repository": {
      "url": "https://github.com/f3ltron/ng-smartlook",
      "type": "git"
    },
    "author": "f3ltron <fgiraud@student.42.fr>",
    "license": "MIT",
    "contributors": [
      "GIRAUD Florent <fgiraud@student.42.fr>"
    ],
    "files": [
      "ng-smartlook.js"
    ]
  }

yarn manifest: 
  No manifest

Lockfile: 
  No lockfile

Trace: 
  Error: https://registry.yarnpkg.com/ng-smartlook: "You cannot publish over the previously published version 1.0.1."
      at Request.params.callback [as _callback] (C:\Users\florent\AppData\Roaming\npm\node_modules\yarn\lib\util\request-manager.js:326:18)
      at Request.self.callback (C:\Users\florent\AppData\Roaming\npm\node_modules\yarn\node_modules\request\request.js:188:22)
      at emitTwo (events.js:106:13)
      at Request.emit (events.js:191:7)
      at Request.<anonymous> (C:\Users\florent\AppData\Roaming\npm\node_modules\yarn\node_modules\request\request.js:1171:10)
      at emitOne (events.js:96:13)
      at Request.emit (events.js:188:7)
      at Gunzip.<anonymous> (C:\Users\florent\AppData\Roaming\npm\node_modules\yarn\node_modules\request\request.js:1091:12)
      at Gunzip.g (events.js:291:16)
      at emitNone (events.js:91:20)
